<?xml version="1.0" encoding="UTF-8"?>
<!-- Generated by org.testng.reporters.JUnitReportReporter -->
<testsuite hostname="shaiksubhani" failures="0" tests="1" name="TestCases.TC_002_OpenNewAccount" time="11.799" errors="0" timestamp="2024-05-28T12:50:47 IST" skipped="0">
  <testcase classname="TestCases.TC_002_OpenNewAccount" name="NewAccount" time="11.799"/>
</testsuite> <!-- TestCases.TC_002_OpenNewAccount -->
