<?xml version="1.0" encoding="UTF-8"?>
<!-- Generated by org.testng.reporters.JUnitReportReporter -->
<testsuite hostname="shaiksubhani" failures="0" tests="1" name="TestCases1.TC_002_logininvaliddata" time="7.234" errors="0" timestamp="2024-05-29T10:41:52 IST" skipped="0">
  <testcase classname="TestCases1.TC_002_logininvaliddata" name="CreateAccount" time="7.234"/>
</testsuite> <!-- TestCases1.TC_002_logininvaliddata -->
