<?xml version="1.0" encoding="UTF-8"?>
<!-- Generated by org.testng.reporters.JUnitReportReporter -->
<testsuite hostname="shaiksubhani" failures="0" tests="1" name="TestCases1.TC_003logininvalidemail" time="6.714" errors="0" timestamp="2024-05-29T10:42:47 IST" skipped="0">
  <testcase classname="TestCases1.TC_003logininvalidemail" name="CreateAccount" time="6.714"/>
</testsuite> <!-- TestCases1.TC_003logininvalidemail -->
