<?xml version="1.0" encoding="UTF-8"?>
<!-- Generated by org.testng.reporters.JUnitReportReporter -->
<testsuite hostname="shaiksubhani" failures="0" tests="1" name="TestCases.TC_001_Registration" time="12.020" errors="0" timestamp="2024-05-28T12:50:47 IST" skipped="0">
  <testcase classname="TestCases.TC_001_Registration" name="CreateAccount" time="12.020"/>
</testsuite> <!-- TestCases.TC_001_Registration -->
